This file contains any messages produced by compilers while
running configure, to aid debugging if configure makes a mistake.

It was created by celestia configure 1.6.0, which was
generated by GNU Autoconf 2.69.  Invocation command line was

  $ ./configure --prefix= CFLAGS=-lpthread LDFLAGS=-ldl LIBS=-ldl --with-qt

## --------- ##
## Platform. ##
## --------- ##

hostname = cylon2
uname -m = x86_64
uname -r = 4.4.0-59-generic
uname -s = Linux
uname -v = #80-Ubuntu SMP Fri Jan 6 17:47:47 UTC 2017

/usr/bin/uname -p = unknown
/bin/uname -X     = unknown

/bin/arch              = unknown
/usr/bin/arch -k       = unknown
/usr/convex/getsysinfo = unknown
/usr/bin/hostinfo      = unknown
/bin/machine           = unknown
/usr/bin/oslevel       = unknown
/bin/universe          = unknown

PATH: /home/johnredden/Lib/maven/bin
PATH: /usr/lib/x86_64-linux-gnu/qt5/bin
PATH: /home/johnredden/bin
PATH: /home/johnredden/.local/bin
PATH: /usr/local/sbin
PATH: /usr/local/bin
PATH: /usr/sbin
PATH: /usr/bin
PATH: /sbin
PATH: /bin
PATH: /usr/games
PATH: /usr/local/games
PATH: /snap/bin
PATH: /opt/jdk/bin


## ----------- ##
## Core tests. ##
## ----------- ##

configure:2364: checking build system type
configure:2378: result: x86_64-unknown-linux-gnu
configure:2398: checking host system type
configure:2411: result: x86_64-unknown-linux-gnu
configure:2431: checking target system type
configure:2444: result: x86_64-unknown-linux-gnu

## ---------------- ##
## Cache variables. ##
## ---------------- ##

ac_cv_build=x86_64-unknown-linux-gnu
ac_cv_env_CCC_set=
ac_cv_env_CCC_value=
ac_cv_env_CC_set=
ac_cv_env_CC_value=
ac_cv_env_CFLAGS_set=set
ac_cv_env_CFLAGS_value=-lpthread
ac_cv_env_CPPFLAGS_set=
ac_cv_env_CPPFLAGS_value=
ac_cv_env_CPP_set=
ac_cv_env_CPP_value=
ac_cv_env_CXXCPP_set=
ac_cv_env_CXXCPP_value=
ac_cv_env_CXXFLAGS_set=
ac_cv_env_CXXFLAGS_value=
ac_cv_env_CXX_set=
ac_cv_env_CXX_value=
ac_cv_env_LDFLAGS_set=set
ac_cv_env_LDFLAGS_value=-ldl
ac_cv_env_LIBS_set=set
ac_cv_env_LIBS_value=-ldl
ac_cv_env_build_alias_set=
ac_cv_env_build_alias_value=
ac_cv_env_host_alias_set=
ac_cv_env_host_alias_value=
ac_cv_env_target_alias_set=
ac_cv_env_target_alias_value=
ac_cv_host=x86_64-unknown-linux-gnu
ac_cv_target=x86_64-unknown-linux-gnu

## ----------------- ##
## Output variables. ##
## ----------------- ##

CC=''
CFLAGS='-lpthread'
CPP=''
CPPFLAGS=''
CXX=''
CXXCPP=''
CXXFLAGS=''
DEFS=''
DL_LIBS=''
ECHO_C=''
ECHO_N='-n'
ECHO_T=''
EGREP=''
EXEEXT=''
GL_LIBS=''
GREP=''
HIPDIR=''
INSTALL_DATA=''
INSTALL_PROGRAM=''
INSTALL_SCRIPT=''
LDFLAGS='-ldl'
LIBOBJS=''
LIBS='-ldl'
LTLIBOBJS=''
MOC=''
OBJEXT=''
PACKAGE_BUGREPORT='celestia-developers@lists.sf.net'
PACKAGE_NAME='celestia'
PACKAGE_STRING='celestia 1.6.0'
PACKAGE_TARNAME='celestia'
PACKAGE_URL=''
PACKAGE_VERSION='1.6.0'
PATH_SEPARATOR=':'
PKGDATADIR=''
RCC=''
SHELL='/bin/bash'
SPICE_CFLAGS=''
SPICE_LIBS=''
UIC=''
ac_ct_CC=''
ac_ct_CXX=''
bindir='${exec_prefix}/bin'
build='x86_64-unknown-linux-gnu'
build_alias=''
build_cpu='x86_64'
build_os='linux-gnu'
build_vendor='unknown'
datadir='${datarootdir}'
datarootdir='${prefix}/share'
docdir='${datarootdir}/doc/${PACKAGE_TARNAME}'
dvidir='${docdir}'
exec_prefix='NONE'
host='x86_64-unknown-linux-gnu'
host_alias=''
host_cpu='x86_64'
host_os='linux-gnu'
host_vendor='unknown'
htmldir='${docdir}'
includedir='${prefix}/include'
infodir='${datarootdir}/info'
libdir='${exec_prefix}/lib'
libexecdir='${exec_prefix}/libexec'
localedir='${datarootdir}/locale'
localstatedir='${prefix}/var'
mandir='${datarootdir}/man'
oldincludedir='/usr/include'
pdfdir='${docdir}'
prefix=''
program_transform_name='s,x,x,'
psdir='${docdir}'
runstatedir='${localstatedir}/run'
sbindir='${exec_prefix}/sbin'
sharedstatedir='${prefix}/com'
sysconfdir='${prefix}/etc'
target='x86_64-unknown-linux-gnu'
target_alias=''
target_cpu='x86_64'
target_os='linux-gnu'
target_vendor='unknown'

## ----------- ##
## confdefs.h. ##
## ----------- ##

/* confdefs.h */
#define PACKAGE_NAME "celestia"
#define PACKAGE_TARNAME "celestia"
#define PACKAGE_VERSION "1.6.0"
#define PACKAGE_STRING "celestia 1.6.0"
#define PACKAGE_BUGREPORT "celestia-developers@lists.sf.net"
#define PACKAGE_URL ""

configure: exit 2
